<?xml version="1.0" encoding="UTF-8"?>
<testsuite xmlns:xsi="http://www.w3.org/2001/XMLSchema-instance" xsi:noNamespaceSchemaLocation="https://maven.apache.org/surefire/maven-surefire-plugin/xsd/surefire-test-report.xsd" name="top.binggo.codetipcontrolcenter.controller.CrawlerControllerTest" time="0.066" tests="5" errors="0" skipped="0" failures="0">
  <properties>
    <property name="gopherProxySet" value="false"/>
    <property name="awt.toolkit" value="sun.lwawt.macosx.LWCToolkit"/>
    <property name="file.encoding.pkg" value="sun.io"/>
    <property name="java.specification.version" value="1.8"/>
    <property name="sun.cpu.isalist" value=""/>
    <property name="sun.jnu.encoding" value="UTF-8"/>
    <property name="java.class.path" value="/Users/pbl/file/后台管理_源文件分析_爬虫_推荐_文件系统_任务管理系统/codetip-control-center/target/test-classes:/Users/pbl/file/后台管理_源文件分析_爬虫_推荐_文件系统_任务管理系统/codetip-control-center/target/classes:/Users/pbl/java/mLRepository/top/binggo/maven-redis-filesystem/1.0-SNAPSHOT/maven-redis-filesystem-1.0-SNAPSHOT.jar:/Users/pbl/java/mLRepository/top/binggo/codetip-commons/1.0-SNAPSHOT/codetip-commons-1.0-SNAPSHOT.jar:/Users/pbl/java/mLRepository/org/springframework/boot/spring-boot-starter-data-elasticsearch/2.1.3.RELEASE/spring-boot-starter-data-elasticsearch-2.1.3.RELEASE.jar:/Users/pbl/java/mLRepository/org/springframework/data/spring-data-elasticsearch/3.1.5.RELEASE/spring-data-elasticsearch-3.1.5.RELEASE.jar:/Users/pbl/java/mLRepository/org/springframework/data/spring-data-commons/2.1.5.RELEASE/spring-data-commons-2.1.5.RELEASE.jar:/Users/pbl/java/mLRepository/joda-time/joda-time/2.10.1/joda-time-2.10.1.jar:/Users/pbl/java/mLRepository/org/elasticsearch/client/transport/6.4.3/transport-6.4.3.jar:/Users/pbl/java/mLRepository/org/elasticsearch/elasticsearch/6.4.3/elasticsearch-6.4.3.jar:/Users/pbl/java/mLRepository/org/elasticsearch/elasticsearch-core/6.4.3/elasticsearch-core-6.4.3.jar:/Users/pbl/java/mLRepository/org/elasticsearch/elasticsearch-secure-sm/6.4.3/elasticsearch-secure-sm-6.4.3.jar:/Users/pbl/java/mLRepository/org/elasticsearch/elasticsearch-x-content/6.4.3/elasticsearch-x-content-6.4.3.jar:/Users/pbl/java/mLRepository/com/fasterxml/jackson/dataformat/jackson-dataformat-smile/2.9.8/jackson-dataformat-smile-2.9.8.jar:/Users/pbl/java/mLRepository/com/fasterxml/jackson/dataformat/jackson-dataformat-yaml/2.9.8/jackson-dataformat-yaml-2.9.8.jar:/Users/pbl/java/mLRepository/com/fasterxml/jackson/dataformat/jackson-dataformat-cbor/2.9.8/jackson-dataformat-cbor-2.9.8.jar:/Users/pbl/java/mLRepository/org/apache/lucene/lucene-core/7.4.0/lucene-core-7.4.0.jar:/Users/pbl/java/mLRepository/org/apache/lucene/lucene-analyzers-common/7.4.0/lucene-analyzers-common-7.4.0.jar:/Users/pbl/java/mLRepository/org/apache/lucene/lucene-backward-codecs/7.4.0/lucene-backward-codecs-7.4.0.jar:/Users/pbl/java/mLRepository/org/apache/lucene/lucene-grouping/7.4.0/lucene-grouping-7.4.0.jar:/Users/pbl/java/mLRepository/org/apache/lucene/lucene-highlighter/7.4.0/lucene-highlighter-7.4.0.jar:/Users/pbl/java/mLRepository/org/apache/lucene/lucene-join/7.4.0/lucene-join-7.4.0.jar:/Users/pbl/java/mLRepository/org/apache/lucene/lucene-memory/7.4.0/lucene-memory-7.4.0.jar:/Users/pbl/java/mLRepository/org/apache/lucene/lucene-misc/7.4.0/lucene-misc-7.4.0.jar:/Users/pbl/java/mLRepository/org/apache/lucene/lucene-queries/7.4.0/lucene-queries-7.4.0.jar:/Users/pbl/java/mLRepository/org/apache/lucene/lucene-queryparser/7.4.0/lucene-queryparser-7.4.0.jar:/Users/pbl/java/mLRepository/org/apache/lucene/lucene-sandbox/7.4.0/lucene-sandbox-7.4.0.jar:/Users/pbl/java/mLRepository/org/apache/lucene/lucene-spatial/7.4.0/lucene-spatial-7.4.0.jar:/Users/pbl/java/mLRepository/org/apache/lucene/lucene-spatial-extras/7.4.0/lucene-spatial-extras-7.4.0.jar:/Users/pbl/java/mLRepository/org/apache/lucene/lucene-spatial3d/7.4.0/lucene-spatial3d-7.4.0.jar:/Users/pbl/java/mLRepository/org/apache/lucene/lucene-suggest/7.4.0/lucene-suggest-7.4.0.jar:/Users/pbl/java/mLRepository/org/elasticsearch/elasticsearch-cli/6.4.3/elasticsearch-cli-6.4.3.jar:/Users/pbl/java/mLRepository/net/sf/jopt-simple/jopt-simple/5.0.2/jopt-simple-5.0.2.jar:/Users/pbl/java/mLRepository/com/carrotsearch/hppc/0.7.1/hppc-0.7.1.jar:/Users/pbl/java/mLRepository/com/tdunning/t-digest/3.2/t-digest-3.2.jar:/Users/pbl/java/mLRepository/org/elasticsearch/jna/4.5.1/jna-4.5.1.jar:/Users/pbl/java/mLRepository/org/elasticsearch/plugin/reindex-client/6.4.3/reindex-client-6.4.3.jar:/Users/pbl/java/mLRepository/org/elasticsearch/client/elasticsearch-rest-client/6.4.3/elasticsearch-rest-client-6.4.3.jar:/Users/pbl/java/mLRepository/org/apache/httpcomponents/httpclient/4.5.7/httpclient-4.5.7.jar:/Users/pbl/java/mLRepository/org/apache/httpcomponents/httpcore/4.4.11/httpcore-4.4.11.jar:/Users/pbl/java/mLRepository/org/apache/httpcomponents/httpasyncclient/4.1.4/httpasyncclient-4.1.4.jar:/Users/pbl/java/mLRepository/org/apache/httpcomponents/httpcore-nio/4.4.11/httpcore-nio-4.4.11.jar:/Users/pbl/java/mLRepository/commons-codec/commons-codec/1.11/commons-codec-1.11.jar:/Users/pbl/java/mLRepository/org/elasticsearch/plugin/lang-mustache-client/6.4.3/lang-mustache-client-6.4.3.jar:/Users/pbl/java/mLRepository/com/github/spullara/mustache/java/compiler/0.9.3/compiler-0.9.3.jar:/Users/pbl/java/mLRepository/org/elasticsearch/plugin/percolator-client/6.4.3/percolator-client-6.4.3.jar:/Users/pbl/java/mLRepository/org/elasticsearch/plugin/parent-join-client/6.4.3/parent-join-client-6.4.3.jar:/Users/pbl/java/mLRepository/org/elasticsearch/plugin/rank-eval-client/6.4.3/rank-eval-client-6.4.3.jar:/Users/pbl/java/mLRepository/org/elasticsearch/plugin/transport-netty4-client/6.4.3/transport-netty4-client-6.4.3.jar:/Users/pbl/java/mLRepository/io/netty/netty-codec-http/4.1.33.Final/netty-codec-http-4.1.33.Final.jar:/Users/pbl/java/mLRepository/org/springframework/boot/spring-boot-starter/2.1.3.RELEASE/spring-boot-starter-2.1.3.RELEASE.jar:/Users/pbl/java/mLRepository/javax/annotation/javax.annotation-api/1.3.2/javax.annotation-api-1.3.2.jar:/Users/pbl/java/mLRepository/org/yaml/snakeyaml/1.23/snakeyaml-1.23.jar:/Users/pbl/java/mLRepository/org/springframework/boot/spring-boot-starter-data-redis/2.1.3.RELEASE/spring-boot-starter-data-redis-2.1.3.RELEASE.jar:/Users/pbl/java/mLRepository/org/springframework/data/spring-data-redis/2.1.5.RELEASE/spring-data-redis-2.1.5.RELEASE.jar:/Users/pbl/java/mLRepository/org/springframework/data/spring-data-keyvalue/2.1.5.RELEASE/spring-data-keyvalue-2.1.5.RELEASE.jar:/Users/pbl/java/mLRepository/org/springframework/spring-tx/5.1.5.RELEASE/spring-tx-5.1.5.RELEASE.jar:/Users/pbl/java/mLRepository/org/springframework/spring-oxm/5.1.5.RELEASE/spring-oxm-5.1.5.RELEASE.jar:/Users/pbl/java/mLRepository/org/springframework/spring-context-support/5.1.5.RELEASE/spring-context-support-5.1.5.RELEASE.jar:/Users/pbl/java/mLRepository/io/lettuce/lettuce-core/5.1.4.RELEASE/lettuce-core-5.1.4.RELEASE.jar:/Users/pbl/java/mLRepository/io/netty/netty-common/4.1.33.Final/netty-common-4.1.33.Final.jar:/Users/pbl/java/mLRepository/io/netty/netty-handler/4.1.33.Final/netty-handler-4.1.33.Final.jar:/Users/pbl/java/mLRepository/io/netty/netty-buffer/4.1.33.Final/netty-buffer-4.1.33.Final.jar:/Users/pbl/java/mLRepository/io/netty/netty-codec/4.1.33.Final/netty-codec-4.1.33.Final.jar:/Users/pbl/java/mLRepository/io/netty/netty-transport/4.1.33.Final/netty-transport-4.1.33.Final.jar:/Users/pbl/java/mLRepository/io/netty/netty-resolver/4.1.33.Final/netty-resolver-4.1.33.Final.jar:/Users/pbl/java/mLRepository/io/projectreactor/reactor-core/3.2.6.RELEASE/reactor-core-3.2.6.RELEASE.jar:/Users/pbl/java/mLRepository/org/reactivestreams/reactive-streams/1.0.2/reactive-streams-1.0.2.jar:/Users/pbl/java/mLRepository/org/springframework/boot/spring-boot-starter-json/2.1.3.RELEASE/spring-boot-starter-json-2.1.3.RELEASE.jar:/Users/pbl/java/mLRepository/com/fasterxml/jackson/core/jackson-databind/2.9.8/jackson-databind-2.9.8.jar:/Users/pbl/java/mLRepository/com/fasterxml/jackson/datatype/jackson-datatype-jdk8/2.9.8/jackson-datatype-jdk8-2.9.8.jar:/Users/pbl/java/mLRepository/com/fasterxml/jackson/datatype/jackson-datatype-jsr310/2.9.8/jackson-datatype-jsr310-2.9.8.jar:/Users/pbl/java/mLRepository/com/fasterxml/jackson/module/jackson-module-parameter-names/2.9.8/jackson-module-parameter-names-2.9.8.jar:/Users/pbl/java/mLRepository/com/fasterxml/jackson/core/jackson-annotations/2.9.0/jackson-annotations-2.9.0.jar:/Users/pbl/java/mLRepository/com/fasterxml/jackson/dataformat/jackson-dataformat-xml/2.9.8/jackson-dataformat-xml-2.9.8.jar:/Users/pbl/java/mLRepository/com/fasterxml/jackson/core/jackson-core/2.9.8/jackson-core-2.9.8.jar:/Users/pbl/java/mLRepository/com/fasterxml/jackson/module/jackson-module-jaxb-annotations/2.9.8/jackson-module-jaxb-annotations-2.9.8.jar:/Users/pbl/java/mLRepository/org/codehaus/woodstox/stax2-api/3.1.4/stax2-api-3.1.4.jar:/Users/pbl/java/mLRepository/com/fasterxml/woodstox/woodstox-core/5.0.3/woodstox-core-5.0.3.jar:/Users/pbl/java/mLRepository/org/springframework/boot/spring-boot-starter-log4j2/2.1.3.RELEASE/spring-boot-starter-log4j2-2.1.3.RELEASE.jar:/Users/pbl/java/mLRepository/org/apache/logging/log4j/log4j-slf4j-impl/2.11.2/log4j-slf4j-impl-2.11.2.jar:/Users/pbl/java/mLRepository/org/apache/logging/log4j/log4j-api/2.11.2/log4j-api-2.11.2.jar:/Users/pbl/java/mLRepository/org/apache/logging/log4j/log4j-core/2.11.2/log4j-core-2.11.2.jar:/Users/pbl/java/mLRepository/org/apache/logging/log4j/log4j-jul/2.11.2/log4j-jul-2.11.2.jar:/Users/pbl/java/mLRepository/org/slf4j/jul-to-slf4j/1.7.25/jul-to-slf4j-1.7.25.jar:/Users/pbl/java/mLRepository/org/slf4j/jcl-over-slf4j/1.7.25/jcl-over-slf4j-1.7.25.jar:/Users/pbl/java/mLRepository/org/slf4j/slf4j-api/1.7.25/slf4j-api-1.7.25.jar:/Users/pbl/java/mLRepository/com/google/guava/guava/20.0/guava-20.0.jar:/Users/pbl/java/mLRepository/org/apache/commons/commons-lang3/3.8.1/commons-lang3-3.8.1.jar:/Users/pbl/java/mLRepository/dom4j/dom4j/1.6.1/dom4j-1.6.1.jar:/Users/pbl/java/mLRepository/xml-apis/xml-apis/1.4.01/xml-apis-1.4.01.jar:/Users/pbl/java/mLRepository/org/springframework/boot/spring-boot-starter-security/2.1.3.RELEASE/spring-boot-starter-security-2.1.3.RELEASE.jar:/Users/pbl/java/mLRepository/org/springframework/spring-aop/5.1.5.RELEASE/spring-aop-5.1.5.RELEASE.jar:/Users/pbl/java/mLRepository/org/springframework/spring-beans/5.1.5.RELEASE/spring-beans-5.1.5.RELEASE.jar:/Users/pbl/java/mLRepository/org/springframework/security/spring-security-config/5.1.4.RELEASE/spring-security-config-5.1.4.RELEASE.jar:/Users/pbl/java/mLRepository/org/springframework/security/spring-security-core/5.1.4.RELEASE/spring-security-core-5.1.4.RELEASE.jar:/Users/pbl/java/mLRepository/org/springframework/spring-context/5.1.5.RELEASE/spring-context-5.1.5.RELEASE.jar:/Users/pbl/java/mLRepository/org/springframework/security/spring-security-web/5.1.4.RELEASE/spring-security-web-5.1.4.RELEASE.jar:/Users/pbl/java/mLRepository/org/springframework/spring-expression/5.1.5.RELEASE/spring-expression-5.1.5.RELEASE.jar:/Users/pbl/java/mLRepository/org/springframework/boot/spring-boot-starter-actuator/2.1.3.RELEASE/spring-boot-starter-actuator-2.1.3.RELEASE.jar:/Users/pbl/java/mLRepository/org/springframework/boot/spring-boot-actuator-autoconfigure/2.1.3.RELEASE/spring-boot-actuator-autoconfigure-2.1.3.RELEASE.jar:/Users/pbl/java/mLRepository/org/springframework/boot/spring-boot-actuator/2.1.3.RELEASE/spring-boot-actuator-2.1.3.RELEASE.jar:/Users/pbl/java/mLRepository/io/micrometer/micrometer-core/1.1.3/micrometer-core-1.1.3.jar:/Users/pbl/java/mLRepository/org/hdrhistogram/HdrHistogram/2.1.9/HdrHistogram-2.1.9.jar:/Users/pbl/java/mLRepository/org/latencyutils/LatencyUtils/2.0.3/LatencyUtils-2.0.3.jar:/Users/pbl/java/mLRepository/org/springframework/boot/spring-boot-starter-web/2.1.3.RELEASE/spring-boot-starter-web-2.1.3.RELEASE.jar:/Users/pbl/java/mLRepository/org/springframework/boot/spring-boot-starter-tomcat/2.1.3.RELEASE/spring-boot-starter-tomcat-2.1.3.RELEASE.jar:/Users/pbl/java/mLRepository/org/apache/tomcat/embed/tomcat-embed-core/9.0.16/tomcat-embed-core-9.0.16.jar:/Users/pbl/java/mLRepository/org/apache/tomcat/embed/tomcat-embed-el/9.0.16/tomcat-embed-el-9.0.16.jar:/Users/pbl/java/mLRepository/org/apache/tomcat/embed/tomcat-embed-websocket/9.0.16/tomcat-embed-websocket-9.0.16.jar:/Users/pbl/java/mLRepository/org/hibernate/validator/hibernate-validator/6.0.14.Final/hibernate-validator-6.0.14.Final.jar:/Users/pbl/java/mLRepository/javax/validation/validation-api/2.0.1.Final/validation-api-2.0.1.Final.jar:/Users/pbl/java/mLRepository/org/jboss/logging/jboss-logging/3.3.2.Final/jboss-logging-3.3.2.Final.jar:/Users/pbl/java/mLRepository/com/fasterxml/classmate/1.4.0/classmate-1.4.0.jar:/Users/pbl/java/mLRepository/org/springframework/spring-web/5.1.5.RELEASE/spring-web-5.1.5.RELEASE.jar:/Users/pbl/java/mLRepository/org/springframework/spring-webmvc/5.1.5.RELEASE/spring-webmvc-5.1.5.RELEASE.jar:/Users/pbl/java/mLRepository/org/springframework/boot/spring-boot-devtools/2.1.3.RELEASE/spring-boot-devtools-2.1.3.RELEASE.jar:/Users/pbl/java/mLRepository/org/springframework/boot/spring-boot/2.1.3.RELEASE/spring-boot-2.1.3.RELEASE.jar:/Users/pbl/java/mLRepository/org/springframework/boot/spring-boot-autoconfigure/2.1.3.RELEASE/spring-boot-autoconfigure-2.1.3.RELEASE.jar:/Users/pbl/java/mLRepository/org/projectlombok/lombok/1.18.6/lombok-1.18.6.jar:/Users/pbl/java/mLRepository/org/springframework/boot/spring-boot-starter-test/2.1.3.RELEASE/spring-boot-starter-test-2.1.3.RELEASE.jar:/Users/pbl/java/mLRepository/org/springframework/boot/spring-boot-test/2.1.3.RELEASE/spring-boot-test-2.1.3.RELEASE.jar:/Users/pbl/java/mLRepository/org/springframework/boot/spring-boot-test-autoconfigure/2.1.3.RELEASE/spring-boot-test-autoconfigure-2.1.3.RELEASE.jar:/Users/pbl/java/mLRepository/com/jayway/jsonpath/json-path/2.4.0/json-path-2.4.0.jar:/Users/pbl/java/mLRepository/net/minidev/json-smart/2.3/json-smart-2.3.jar:/Users/pbl/java/mLRepository/net/minidev/accessors-smart/1.2/accessors-smart-1.2.jar:/Users/pbl/java/mLRepository/org/ow2/asm/asm/5.0.4/asm-5.0.4.jar:/Users/pbl/java/mLRepository/junit/junit/4.12/junit-4.12.jar:/Users/pbl/java/mLRepository/org/assertj/assertj-core/3.11.1/assertj-core-3.11.1.jar:/Users/pbl/java/mLRepository/org/mockito/mockito-core/2.23.4/mockito-core-2.23.4.jar:/Users/pbl/java/mLRepository/net/bytebuddy/byte-buddy/1.9.10/byte-buddy-1.9.10.jar:/Users/pbl/java/mLRepository/net/bytebuddy/byte-buddy-agent/1.9.10/byte-buddy-agent-1.9.10.jar:/Users/pbl/java/mLRepository/org/objenesis/objenesis/2.6/objenesis-2.6.jar:/Users/pbl/java/mLRepository/org/hamcrest/hamcrest-core/1.3/hamcrest-core-1.3.jar:/Users/pbl/java/mLRepository/org/hamcrest/hamcrest-library/1.3/hamcrest-library-1.3.jar:/Users/pbl/java/mLRepository/org/skyscreamer/jsonassert/1.5.0/jsonassert-1.5.0.jar:/Users/pbl/java/mLRepository/com/vaadin/external/google/android-json/0.0.20131108.vaadin1/android-json-0.0.20131108.vaadin1.jar:/Users/pbl/java/mLRepository/org/springframework/spring-core/5.1.5.RELEASE/spring-core-5.1.5.RELEASE.jar:/Users/pbl/java/mLRepository/org/springframework/spring-jcl/5.1.5.RELEASE/spring-jcl-5.1.5.RELEASE.jar:/Users/pbl/java/mLRepository/org/springframework/spring-test/5.1.5.RELEASE/spring-test-5.1.5.RELEASE.jar:/Users/pbl/java/mLRepository/org/xmlunit/xmlunit-core/2.6.2/xmlunit-core-2.6.2.jar:"/>
    <property name="java.vm.vendor" value="Oracle Corporation"/>
    <property name="sun.arch.data.model" value="64"/>
    <property name="java.vendor.url" value="http://java.oracle.com/"/>
    <property name="user.timezone" value=""/>
    <property name="java.vm.specification.version" value="1.8"/>
    <property name="os.name" value="Mac OS X"/>
    <property name="user.country" value="CN"/>
    <property name="sun.java.launcher" value="SUN_STANDARD"/>
    <property name="sun.boot.library.path" value="/Library/Java/JavaVirtualMachines/jdk1.8.0_201.jdk/Contents/Home/jre/lib"/>
    <property name="sun.java.command" value="/Users/pbl/file/后台管理_源文件分析_爬虫_推荐_文件系统_任务管理系统/codetip-control-center/target/surefire/surefirebooter1325780801788550039.jar /Users/pbl/file/后台管理_源文件分析_爬虫_推荐_文件系统_任务管理系统/codetip-control-center/target/surefire 2019-12-11T10-41-57_650-jvmRun1 surefire3241758687076027726tmp surefire_04059663143572034985tmp"/>
    <property name="surefire.test.class.path" value="/Users/pbl/file/后台管理_源文件分析_爬虫_推荐_文件系统_任务管理系统/codetip-control-center/target/test-classes:/Users/pbl/file/后台管理_源文件分析_爬虫_推荐_文件系统_任务管理系统/codetip-control-center/target/classes:/Users/pbl/java/mLRepository/top/binggo/maven-redis-filesystem/1.0-SNAPSHOT/maven-redis-filesystem-1.0-SNAPSHOT.jar:/Users/pbl/java/mLRepository/top/binggo/codetip-commons/1.0-SNAPSHOT/codetip-commons-1.0-SNAPSHOT.jar:/Users/pbl/java/mLRepository/org/springframework/boot/spring-boot-starter-data-elasticsearch/2.1.3.RELEASE/spring-boot-starter-data-elasticsearch-2.1.3.RELEASE.jar:/Users/pbl/java/mLRepository/org/springframework/data/spring-data-elasticsearch/3.1.5.RELEASE/spring-data-elasticsearch-3.1.5.RELEASE.jar:/Users/pbl/java/mLRepository/org/springframework/data/spring-data-commons/2.1.5.RELEASE/spring-data-commons-2.1.5.RELEASE.jar:/Users/pbl/java/mLRepository/joda-time/joda-time/2.10.1/joda-time-2.10.1.jar:/Users/pbl/java/mLRepository/org/elasticsearch/client/transport/6.4.3/transport-6.4.3.jar:/Users/pbl/java/mLRepository/org/elasticsearch/elasticsearch/6.4.3/elasticsearch-6.4.3.jar:/Users/pbl/java/mLRepository/org/elasticsearch/elasticsearch-core/6.4.3/elasticsearch-core-6.4.3.jar:/Users/pbl/java/mLRepository/org/elasticsearch/elasticsearch-secure-sm/6.4.3/elasticsearch-secure-sm-6.4.3.jar:/Users/pbl/java/mLRepository/org/elasticsearch/elasticsearch-x-content/6.4.3/elasticsearch-x-content-6.4.3.jar:/Users/pbl/java/mLRepository/com/fasterxml/jackson/dataformat/jackson-dataformat-smile/2.9.8/jackson-dataformat-smile-2.9.8.jar:/Users/pbl/java/mLRepository/com/fasterxml/jackson/dataformat/jackson-dataformat-yaml/2.9.8/jackson-dataformat-yaml-2.9.8.jar:/Users/pbl/java/mLRepository/com/fasterxml/jackson/dataformat/jackson-dataformat-cbor/2.9.8/jackson-dataformat-cbor-2.9.8.jar:/Users/pbl/java/mLRepository/org/apache/lucene/lucene-core/7.4.0/lucene-core-7.4.0.jar:/Users/pbl/java/mLRepository/org/apache/lucene/lucene-analyzers-common/7.4.0/lucene-analyzers-common-7.4.0.jar:/Users/pbl/java/mLRepository/org/apache/lucene/lucene-backward-codecs/7.4.0/lucene-backward-codecs-7.4.0.jar:/Users/pbl/java/mLRepository/org/apache/lucene/lucene-grouping/7.4.0/lucene-grouping-7.4.0.jar:/Users/pbl/java/mLRepository/org/apache/lucene/lucene-highlighter/7.4.0/lucene-highlighter-7.4.0.jar:/Users/pbl/java/mLRepository/org/apache/lucene/lucene-join/7.4.0/lucene-join-7.4.0.jar:/Users/pbl/java/mLRepository/org/apache/lucene/lucene-memory/7.4.0/lucene-memory-7.4.0.jar:/Users/pbl/java/mLRepository/org/apache/lucene/lucene-misc/7.4.0/lucene-misc-7.4.0.jar:/Users/pbl/java/mLRepository/org/apache/lucene/lucene-queries/7.4.0/lucene-queries-7.4.0.jar:/Users/pbl/java/mLRepository/org/apache/lucene/lucene-queryparser/7.4.0/lucene-queryparser-7.4.0.jar:/Users/pbl/java/mLRepository/org/apache/lucene/lucene-sandbox/7.4.0/lucene-sandbox-7.4.0.jar:/Users/pbl/java/mLRepository/org/apache/lucene/lucene-spatial/7.4.0/lucene-spatial-7.4.0.jar:/Users/pbl/java/mLRepository/org/apache/lucene/lucene-spatial-extras/7.4.0/lucene-spatial-extras-7.4.0.jar:/Users/pbl/java/mLRepository/org/apache/lucene/lucene-spatial3d/7.4.0/lucene-spatial3d-7.4.0.jar:/Users/pbl/java/mLRepository/org/apache/lucene/lucene-suggest/7.4.0/lucene-suggest-7.4.0.jar:/Users/pbl/java/mLRepository/org/elasticsearch/elasticsearch-cli/6.4.3/elasticsearch-cli-6.4.3.jar:/Users/pbl/java/mLRepository/net/sf/jopt-simple/jopt-simple/5.0.2/jopt-simple-5.0.2.jar:/Users/pbl/java/mLRepository/com/carrotsearch/hppc/0.7.1/hppc-0.7.1.jar:/Users/pbl/java/mLRepository/com/tdunning/t-digest/3.2/t-digest-3.2.jar:/Users/pbl/java/mLRepository/org/elasticsearch/jna/4.5.1/jna-4.5.1.jar:/Users/pbl/java/mLRepository/org/elasticsearch/plugin/reindex-client/6.4.3/reindex-client-6.4.3.jar:/Users/pbl/java/mLRepository/org/elasticsearch/client/elasticsearch-rest-client/6.4.3/elasticsearch-rest-client-6.4.3.jar:/Users/pbl/java/mLRepository/org/apache/httpcomponents/httpclient/4.5.7/httpclient-4.5.7.jar:/Users/pbl/java/mLRepository/org/apache/httpcomponents/httpcore/4.4.11/httpcore-4.4.11.jar:/Users/pbl/java/mLRepository/org/apache/httpcomponents/httpasyncclient/4.1.4/httpasyncclient-4.1.4.jar:/Users/pbl/java/mLRepository/org/apache/httpcomponents/httpcore-nio/4.4.11/httpcore-nio-4.4.11.jar:/Users/pbl/java/mLRepository/commons-codec/commons-codec/1.11/commons-codec-1.11.jar:/Users/pbl/java/mLRepository/org/elasticsearch/plugin/lang-mustache-client/6.4.3/lang-mustache-client-6.4.3.jar:/Users/pbl/java/mLRepository/com/github/spullara/mustache/java/compiler/0.9.3/compiler-0.9.3.jar:/Users/pbl/java/mLRepository/org/elasticsearch/plugin/percolator-client/6.4.3/percolator-client-6.4.3.jar:/Users/pbl/java/mLRepository/org/elasticsearch/plugin/parent-join-client/6.4.3/parent-join-client-6.4.3.jar:/Users/pbl/java/mLRepository/org/elasticsearch/plugin/rank-eval-client/6.4.3/rank-eval-client-6.4.3.jar:/Users/pbl/java/mLRepository/org/elasticsearch/plugin/transport-netty4-client/6.4.3/transport-netty4-client-6.4.3.jar:/Users/pbl/java/mLRepository/io/netty/netty-codec-http/4.1.33.Final/netty-codec-http-4.1.33.Final.jar:/Users/pbl/java/mLRepository/org/springframework/boot/spring-boot-starter/2.1.3.RELEASE/spring-boot-starter-2.1.3.RELEASE.jar:/Users/pbl/java/mLRepository/javax/annotation/javax.annotation-api/1.3.2/javax.annotation-api-1.3.2.jar:/Users/pbl/java/mLRepository/org/yaml/snakeyaml/1.23/snakeyaml-1.23.jar:/Users/pbl/java/mLRepository/org/springframework/boot/spring-boot-starter-data-redis/2.1.3.RELEASE/spring-boot-starter-data-redis-2.1.3.RELEASE.jar:/Users/pbl/java/mLRepository/org/springframework/data/spring-data-redis/2.1.5.RELEASE/spring-data-redis-2.1.5.RELEASE.jar:/Users/pbl/java/mLRepository/org/springframework/data/spring-data-keyvalue/2.1.5.RELEASE/spring-data-keyvalue-2.1.5.RELEASE.jar:/Users/pbl/java/mLRepository/org/springframework/spring-tx/5.1.5.RELEASE/spring-tx-5.1.5.RELEASE.jar:/Users/pbl/java/mLRepository/org/springframework/spring-oxm/5.1.5.RELEASE/spring-oxm-5.1.5.RELEASE.jar:/Users/pbl/java/mLRepository/org/springframework/spring-context-support/5.1.5.RELEASE/spring-context-support-5.1.5.RELEASE.jar:/Users/pbl/java/mLRepository/io/lettuce/lettuce-core/5.1.4.RELEASE/lettuce-core-5.1.4.RELEASE.jar:/Users/pbl/java/mLRepository/io/netty/netty-common/4.1.33.Final/netty-common-4.1.33.Final.jar:/Users/pbl/java/mLRepository/io/netty/netty-handler/4.1.33.Final/netty-handler-4.1.33.Final.jar:/Users/pbl/java/mLRepository/io/netty/netty-buffer/4.1.33.Final/netty-buffer-4.1.33.Final.jar:/Users/pbl/java/mLRepository/io/netty/netty-codec/4.1.33.Final/netty-codec-4.1.33.Final.jar:/Users/pbl/java/mLRepository/io/netty/netty-transport/4.1.33.Final/netty-transport-4.1.33.Final.jar:/Users/pbl/java/mLRepository/io/netty/netty-resolver/4.1.33.Final/netty-resolver-4.1.33.Final.jar:/Users/pbl/java/mLRepository/io/projectreactor/reactor-core/3.2.6.RELEASE/reactor-core-3.2.6.RELEASE.jar:/Users/pbl/java/mLRepository/org/reactivestreams/reactive-streams/1.0.2/reactive-streams-1.0.2.jar:/Users/pbl/java/mLRepository/org/springframework/boot/spring-boot-starter-json/2.1.3.RELEASE/spring-boot-starter-json-2.1.3.RELEASE.jar:/Users/pbl/java/mLRepository/com/fasterxml/jackson/core/jackson-databind/2.9.8/jackson-databind-2.9.8.jar:/Users/pbl/java/mLRepository/com/fasterxml/jackson/datatype/jackson-datatype-jdk8/2.9.8/jackson-datatype-jdk8-2.9.8.jar:/Users/pbl/java/mLRepository/com/fasterxml/jackson/datatype/jackson-datatype-jsr310/2.9.8/jackson-datatype-jsr310-2.9.8.jar:/Users/pbl/java/mLRepository/com/fasterxml/jackson/module/jackson-module-parameter-names/2.9.8/jackson-module-parameter-names-2.9.8.jar:/Users/pbl/java/mLRepository/com/fasterxml/jackson/core/jackson-annotations/2.9.0/jackson-annotations-2.9.0.jar:/Users/pbl/java/mLRepository/com/fasterxml/jackson/dataformat/jackson-dataformat-xml/2.9.8/jackson-dataformat-xml-2.9.8.jar:/Users/pbl/java/mLRepository/com/fasterxml/jackson/core/jackson-core/2.9.8/jackson-core-2.9.8.jar:/Users/pbl/java/mLRepository/com/fasterxml/jackson/module/jackson-module-jaxb-annotations/2.9.8/jackson-module-jaxb-annotations-2.9.8.jar:/Users/pbl/java/mLRepository/org/codehaus/woodstox/stax2-api/3.1.4/stax2-api-3.1.4.jar:/Users/pbl/java/mLRepository/com/fasterxml/woodstox/woodstox-core/5.0.3/woodstox-core-5.0.3.jar:/Users/pbl/java/mLRepository/org/springframework/boot/spring-boot-starter-log4j2/2.1.3.RELEASE/spring-boot-starter-log4j2-2.1.3.RELEASE.jar:/Users/pbl/java/mLRepository/org/apache/logging/log4j/log4j-slf4j-impl/2.11.2/log4j-slf4j-impl-2.11.2.jar:/Users/pbl/java/mLRepository/org/apache/logging/log4j/log4j-api/2.11.2/log4j-api-2.11.2.jar:/Users/pbl/java/mLRepository/org/apache/logging/log4j/log4j-core/2.11.2/log4j-core-2.11.2.jar:/Users/pbl/java/mLRepository/org/apache/logging/log4j/log4j-jul/2.11.2/log4j-jul-2.11.2.jar:/Users/pbl/java/mLRepository/org/slf4j/jul-to-slf4j/1.7.25/jul-to-slf4j-1.7.25.jar:/Users/pbl/java/mLRepository/org/slf4j/jcl-over-slf4j/1.7.25/jcl-over-slf4j-1.7.25.jar:/Users/pbl/java/mLRepository/org/slf4j/slf4j-api/1.7.25/slf4j-api-1.7.25.jar:/Users/pbl/java/mLRepository/com/google/guava/guava/20.0/guava-20.0.jar:/Users/pbl/java/mLRepository/org/apache/commons/commons-lang3/3.8.1/commons-lang3-3.8.1.jar:/Users/pbl/java/mLRepository/dom4j/dom4j/1.6.1/dom4j-1.6.1.jar:/Users/pbl/java/mLRepository/xml-apis/xml-apis/1.4.01/xml-apis-1.4.01.jar:/Users/pbl/java/mLRepository/org/springframework/boot/spring-boot-starter-security/2.1.3.RELEASE/spring-boot-starter-security-2.1.3.RELEASE.jar:/Users/pbl/java/mLRepository/org/springframework/spring-aop/5.1.5.RELEASE/spring-aop-5.1.5.RELEASE.jar:/Users/pbl/java/mLRepository/org/springframework/spring-beans/5.1.5.RELEASE/spring-beans-5.1.5.RELEASE.jar:/Users/pbl/java/mLRepository/org/springframework/security/spring-security-config/5.1.4.RELEASE/spring-security-config-5.1.4.RELEASE.jar:/Users/pbl/java/mLRepository/org/springframework/security/spring-security-core/5.1.4.RELEASE/spring-security-core-5.1.4.RELEASE.jar:/Users/pbl/java/mLRepository/org/springframework/spring-context/5.1.5.RELEASE/spring-context-5.1.5.RELEASE.jar:/Users/pbl/java/mLRepository/org/springframework/security/spring-security-web/5.1.4.RELEASE/spring-security-web-5.1.4.RELEASE.jar:/Users/pbl/java/mLRepository/org/springframework/spring-expression/5.1.5.RELEASE/spring-expression-5.1.5.RELEASE.jar:/Users/pbl/java/mLRepository/org/springframework/boot/spring-boot-starter-actuator/2.1.3.RELEASE/spring-boot-starter-actuator-2.1.3.RELEASE.jar:/Users/pbl/java/mLRepository/org/springframework/boot/spring-boot-actuator-autoconfigure/2.1.3.RELEASE/spring-boot-actuator-autoconfigure-2.1.3.RELEASE.jar:/Users/pbl/java/mLRepository/org/springframework/boot/spring-boot-actuator/2.1.3.RELEASE/spring-boot-actuator-2.1.3.RELEASE.jar:/Users/pbl/java/mLRepository/io/micrometer/micrometer-core/1.1.3/micrometer-core-1.1.3.jar:/Users/pbl/java/mLRepository/org/hdrhistogram/HdrHistogram/2.1.9/HdrHistogram-2.1.9.jar:/Users/pbl/java/mLRepository/org/latencyutils/LatencyUtils/2.0.3/LatencyUtils-2.0.3.jar:/Users/pbl/java/mLRepository/org/springframework/boot/spring-boot-starter-web/2.1.3.RELEASE/spring-boot-starter-web-2.1.3.RELEASE.jar:/Users/pbl/java/mLRepository/org/springframework/boot/spring-boot-starter-tomcat/2.1.3.RELEASE/spring-boot-starter-tomcat-2.1.3.RELEASE.jar:/Users/pbl/java/mLRepository/org/apache/tomcat/embed/tomcat-embed-core/9.0.16/tomcat-embed-core-9.0.16.jar:/Users/pbl/java/mLRepository/org/apache/tomcat/embed/tomcat-embed-el/9.0.16/tomcat-embed-el-9.0.16.jar:/Users/pbl/java/mLRepository/org/apache/tomcat/embed/tomcat-embed-websocket/9.0.16/tomcat-embed-websocket-9.0.16.jar:/Users/pbl/java/mLRepository/org/hibernate/validator/hibernate-validator/6.0.14.Final/hibernate-validator-6.0.14.Final.jar:/Users/pbl/java/mLRepository/javax/validation/validation-api/2.0.1.Final/validation-api-2.0.1.Final.jar:/Users/pbl/java/mLRepository/org/jboss/logging/jboss-logging/3.3.2.Final/jboss-logging-3.3.2.Final.jar:/Users/pbl/java/mLRepository/com/fasterxml/classmate/1.4.0/classmate-1.4.0.jar:/Users/pbl/java/mLRepository/org/springframework/spring-web/5.1.5.RELEASE/spring-web-5.1.5.RELEASE.jar:/Users/pbl/java/mLRepository/org/springframework/spring-webmvc/5.1.5.RELEASE/spring-webmvc-5.1.5.RELEASE.jar:/Users/pbl/java/mLRepository/org/springframework/boot/spring-boot-devtools/2.1.3.RELEASE/spring-boot-devtools-2.1.3.RELEASE.jar:/Users/pbl/java/mLRepository/org/springframework/boot/spring-boot/2.1.3.RELEASE/spring-boot-2.1.3.RELEASE.jar:/Users/pbl/java/mLRepository/org/springframework/boot/spring-boot-autoconfigure/2.1.3.RELEASE/spring-boot-autoconfigure-2.1.3.RELEASE.jar:/Users/pbl/java/mLRepository/org/projectlombok/lombok/1.18.6/lombok-1.18.6.jar:/Users/pbl/java/mLRepository/org/springframework/boot/spring-boot-starter-test/2.1.3.RELEASE/spring-boot-starter-test-2.1.3.RELEASE.jar:/Users/pbl/java/mLRepository/org/springframework/boot/spring-boot-test/2.1.3.RELEASE/spring-boot-test-2.1.3.RELEASE.jar:/Users/pbl/java/mLRepository/org/springframework/boot/spring-boot-test-autoconfigure/2.1.3.RELEASE/spring-boot-test-autoconfigure-2.1.3.RELEASE.jar:/Users/pbl/java/mLRepository/com/jayway/jsonpath/json-path/2.4.0/json-path-2.4.0.jar:/Users/pbl/java/mLRepository/net/minidev/json-smart/2.3/json-smart-2.3.jar:/Users/pbl/java/mLRepository/net/minidev/accessors-smart/1.2/accessors-smart-1.2.jar:/Users/pbl/java/mLRepository/org/ow2/asm/asm/5.0.4/asm-5.0.4.jar:/Users/pbl/java/mLRepository/junit/junit/4.12/junit-4.12.jar:/Users/pbl/java/mLRepository/org/assertj/assertj-core/3.11.1/assertj-core-3.11.1.jar:/Users/pbl/java/mLRepository/org/mockito/mockito-core/2.23.4/mockito-core-2.23.4.jar:/Users/pbl/java/mLRepository/net/bytebuddy/byte-buddy/1.9.10/byte-buddy-1.9.10.jar:/Users/pbl/java/mLRepository/net/bytebuddy/byte-buddy-agent/1.9.10/byte-buddy-agent-1.9.10.jar:/Users/pbl/java/mLRepository/org/objenesis/objenesis/2.6/objenesis-2.6.jar:/Users/pbl/java/mLRepository/org/hamcrest/hamcrest-core/1.3/hamcrest-core-1.3.jar:/Users/pbl/java/mLRepository/org/hamcrest/hamcrest-library/1.3/hamcrest-library-1.3.jar:/Users/pbl/java/mLRepository/org/skyscreamer/jsonassert/1.5.0/jsonassert-1.5.0.jar:/Users/pbl/java/mLRepository/com/vaadin/external/google/android-json/0.0.20131108.vaadin1/android-json-0.0.20131108.vaadin1.jar:/Users/pbl/java/mLRepository/org/springframework/spring-core/5.1.5.RELEASE/spring-core-5.1.5.RELEASE.jar:/Users/pbl/java/mLRepository/org/springframework/spring-jcl/5.1.5.RELEASE/spring-jcl-5.1.5.RELEASE.jar:/Users/pbl/java/mLRepository/org/springframework/spring-test/5.1.5.RELEASE/spring-test-5.1.5.RELEASE.jar:/Users/pbl/java/mLRepository/org/xmlunit/xmlunit-core/2.6.2/xmlunit-core-2.6.2.jar:"/>
    <property name="sun.cpu.endian" value="little"/>
    <property name="user.home" value="/Users/pbl"/>
    <property name="user.language" value="zh"/>
    <property name="java.specification.vendor" value="Oracle Corporation"/>
    <property name="java.home" value="/Library/Java/JavaVirtualMachines/jdk1.8.0_201.jdk/Contents/Home/jre"/>
    <property name="basedir" value="/Users/pbl/file/后台管理_源文件分析_爬虫_推荐_文件系统_任务管理系统/codetip-control-center"/>
    <property name="file.separator" value="/"/>
    <property name="line.separator" value="&#10;"/>
    <property name="java.vm.specification.vendor" value="Oracle Corporation"/>
    <property name="java.specification.name" value="Java Platform API Specification"/>
    <property name="java.awt.graphicsenv" value="sun.awt.CGraphicsEnvironment"/>
    <property name="surefire.real.class.path" value="/Users/pbl/file/后台管理_源文件分析_爬虫_推荐_文件系统_任务管理系统/codetip-control-center/target/surefire/surefirebooter1325780801788550039.jar"/>
    <property name="sun.boot.class.path" value="/Library/Java/JavaVirtualMachines/jdk1.8.0_201.jdk/Contents/Home/jre/lib/resources.jar:/Library/Java/JavaVirtualMachines/jdk1.8.0_201.jdk/Contents/Home/jre/lib/rt.jar:/Library/Java/JavaVirtualMachines/jdk1.8.0_201.jdk/Contents/Home/jre/lib/sunrsasign.jar:/Library/Java/JavaVirtualMachines/jdk1.8.0_201.jdk/Contents/Home/jre/lib/jsse.jar:/Library/Java/JavaVirtualMachines/jdk1.8.0_201.jdk/Contents/Home/jre/lib/jce.jar:/Library/Java/JavaVirtualMachines/jdk1.8.0_201.jdk/Contents/Home/jre/lib/charsets.jar:/Library/Java/JavaVirtualMachines/jdk1.8.0_201.jdk/Contents/Home/jre/lib/jfr.jar:/Library/Java/JavaVirtualMachines/jdk1.8.0_201.jdk/Contents/Home/jre/classes"/>
    <property name="sun.management.compiler" value="HotSpot 64-Bit Tiered Compilers"/>
    <property name="java.runtime.version" value="1.8.0_201-b09"/>
    <property name="user.name" value="pbl"/>
    <property name="path.separator" value=":"/>
    <property name="os.version" value="10.15.1"/>
    <property name="java.endorsed.dirs" value="/Library/Java/JavaVirtualMachines/jdk1.8.0_201.jdk/Contents/Home/jre/lib/endorsed"/>
    <property name="java.runtime.name" value="Java(TM) SE Runtime Environment"/>
    <property name="file.encoding" value="UTF-8"/>
    <property name="java.vm.name" value="Java HotSpot(TM) 64-Bit Server VM"/>
    <property name="localRepository" value="/Users/pbl/java/mLRepository"/>
    <property name="java.vendor.url.bug" value="http://bugreport.sun.com/bugreport/"/>
    <property name="java.io.tmpdir" value="/var/folders/q_/brxmlph579gck3xg2q_k6wpr0000gn/T/"/>
    <property name="java.version" value="1.8.0_201"/>
    <property name="user.dir" value="/Users/pbl/file/后台管理_源文件分析_爬虫_推荐_文件系统_任务管理系统/codetip-control-center"/>
    <property name="os.arch" value="x86_64"/>
    <property name="java.vm.specification.name" value="Java Virtual Machine Specification"/>
    <property name="java.awt.printerjob" value="sun.lwawt.macosx.CPrinterJob"/>
    <property name="sun.os.patch.level" value="unknown"/>
    <property name="idea.version2019.1" value="true"/>
    <property name="java.library.path" value="/Users/pbl/Library/Java/Extensions:/Library/Java/Extensions:/Network/Library/Java/Extensions:/System/Library/Java/Extensions:/usr/lib/java:."/>
    <property name="java.vm.info" value="mixed mode"/>
    <property name="java.vendor" value="Oracle Corporation"/>
    <property name="java.vm.version" value="25.201-b09"/>
    <property name="java.ext.dirs" value="/Users/pbl/Library/Java/Extensions:/Library/Java/JavaVirtualMachines/jdk1.8.0_201.jdk/Contents/Home/jre/lib/ext:/Library/Java/Extensions:/Network/Library/Java/Extensions:/System/Library/Java/Extensions:/usr/lib/java"/>
    <property name="sun.io.unicode.encoding" value="UnicodeBig"/>
    <property name="java.class.version" value="52.0"/>
  </properties>
  <testcase name="taskType" classname="top.binggo.codetipcontrolcenter.controller.CrawlerControllerTest" time="0.003"/>
  <testcase name="listTask" classname="top.binggo.codetipcontrolcenter.controller.CrawlerControllerTest" time="0.045"/>
  <testcase name="listTree" classname="top.binggo.codetipcontrolcenter.controller.CrawlerControllerTest" time="0.002"/>
  <testcase name="stopTask" classname="top.binggo.codetipcontrolcenter.controller.CrawlerControllerTest" time="0.003"/>
  <testcase name="newTask" classname="top.binggo.codetipcontrolcenter.controller.CrawlerControllerTest" time="0.002"/>
</testsuite>